2021/11/27 13:18:52 ZEBRA: Not Notifying Owner: 2 about prefix 10.10.12.0/24(254) 2 vrf: 0
2021/11/27 13:18:52 ZEBRA: Not Notifying Owner: 2 about prefix 10.10.24.0/24(254) 2 vrf: 0
2021/11/27 13:18:52 ZEBRA: Not Notifying Owner: 2 about prefix fe80::/64(254) 2 vrf: 0
2021/11/27 13:18:52 ZEBRA: Not Notifying Owner: 2 about prefix fe80::/64(254) 2 vrf: 0
2021/11/27 13:18:52 ZEBRA: Not Notifying Owner: 2 about prefix 10.10.12.0/24(254) 2 vrf: 0
2021/11/27 13:18:52 ZEBRA: Not Notifying Owner: 2 about prefix 10.10.24.0/24(254) 2 vrf: 0
2021/11/27 13:18:52 ZEBRA: Not Notifying Owner: 2 about prefix 10.10.23.0/24(254) 2 vrf: 0
2021/11/27 13:18:52 ZEBRA: Not Notifying Owner: 2 about prefix 10.10.25.0/24(254) 2 vrf: 0
2021/11/27 13:18:52 ZEBRA: Not Notifying Owner: 2 about prefix fe80::/64(254) 2 vrf: 0
2021/11/27 13:18:52 ZEBRA: Not Notifying Owner: 2 about prefix 10.10.12.0/24(254) 2 vrf: 0
2021/11/27 13:18:52 ZEBRA: Not Notifying Owner: 2 about prefix 10.10.23.0/24(254) 2 vrf: 0
2021/11/27 13:18:52 ZEBRA: Not Notifying Owner: 2 about prefix 10.10.24.0/24(254) 2 vrf: 0
2021/11/27 13:18:52 ZEBRA: Not Notifying Owner: 2 about prefix 10.10.25.0/24(254) 2 vrf: 0
2021/11/27 13:18:52 ZEBRA: zebra message[ZEBRA_HELLO:0:14] comes from socket [22]
2021/11/27 13:18:52 ZEBRA: zebra message[ZEBRA_INTERFACE_ADD:0:10] comes from socket [22]
2021/11/27 13:18:52 ZEBRA: zebra message[ZEBRA_BFD_CLIENT_REGISTER:0:14] comes from socket [22]
2021/11/27 13:18:52 ZEBRA: zebra message[ZEBRA_ROUTER_ID_ADD:0:10] comes from socket [22]
2021/11/27 13:18:52 ZEBRA: zebra message[ZEBRA_INTERFACE_ADD:0:10] comes from socket [22]
2021/11/27 13:18:52 ZEBRA: Read 5 packets from client: system
2021/11/27 13:18:52 ZEBRA: Rx'd ZAPI message
2021/11/27 13:18:52 ZEBRA:  Length: 14
2021/11/27 13:18:52 ZEBRA: Command: ZEBRA_HELLO
2021/11/27 13:18:52 ZEBRA:     VRF: 0
2021/11/27 13:18:52 ZEBRA: 
0x00007efc94000cc0: 00 0e fe 06             ....    

2021/11/27 13:18:52 ZEBRA: client 22 says hello and bids fair to announce only ospf routes vrf=0
2021/11/27 13:18:52 ZEBRA: Rx'd ZAPI message
2021/11/27 13:18:52 ZEBRA:  Length: 10
2021/11/27 13:18:52 ZEBRA: Command: ZEBRA_INTERFACE_ADD
2021/11/27 13:18:52 ZEBRA:     VRF: 0
2021/11/27 13:18:52 ZEBRA: 

2021/11/27 13:18:52 ZEBRA: Rx'd ZAPI message
2021/11/27 13:18:52 ZEBRA:  Length: 14
2021/11/27 13:18:52 ZEBRA: Command: ZEBRA_BFD_CLIENT_REGISTER
2021/11/27 13:18:52 ZEBRA:     VRF: 0
2021/11/27 13:18:52 ZEBRA: 
0x00007efc94000d40: 00 0e fe 06             ....    

2021/11/27 13:18:52 ZEBRA: Rx'd ZAPI message
2021/11/27 13:18:52 ZEBRA:  Length: 10
2021/11/27 13:18:52 ZEBRA: Command: ZEBRA_ROUTER_ID_ADD
2021/11/27 13:18:52 ZEBRA:     VRF: 0
2021/11/27 13:18:52 ZEBRA: 

2021/11/27 13:18:52 ZEBRA: Rx'd ZAPI message
2021/11/27 13:18:52 ZEBRA:  Length: 10
2021/11/27 13:18:52 ZEBRA: Command: ZEBRA_INTERFACE_ADD
2021/11/27 13:18:52 ZEBRA:     VRF: 0
2021/11/27 13:18:52 ZEBRA: 

2021/11/27 13:18:52 ZEBRA: zebra message[ZEBRA_ROUTE_ADD:0:40] comes from socket [22]
2021/11/27 13:18:52 ZEBRA: Read 1 packets from client: ospf
2021/11/27 13:18:52 ZEBRA: Rx'd ZAPI message
2021/11/27 13:18:52 ZEBRA:  Length: 40
2021/11/27 13:18:52 ZEBRA: Command: ZEBRA_ROUTE_ADD
2021/11/27 13:18:52 ZEBRA:     VRF: 0
2021/11/27 13:18:52 ZEBRA: 
0x00007efc94000f10: 00 28 fe 06 00 00 00 00 .(......
0x00007efc94000f18: 00 07 06 00 00 00 00 00 ........
0x00007efc94000f20: 00 05 01 02 18 0a 0a 0c ........
0x00007efc94000f28: 00 01 00 00 00 00       ......  

2021/11/27 13:18:52 ZEBRA: zread_route_add: p=10.10.12.0/24, ZAPI_MESSAGE_LABEL: unset, flags=0x0
2021/11/27 13:18:52 ZEBRA: nh type 1
2021/11/27 13:18:52 ZEBRA: zebra message[ZEBRA_ROUTE_ADD:0:40] comes from socket [22]
2021/11/27 13:18:52 ZEBRA: Read 1 packets from client: ospf
2021/11/27 13:18:52 ZEBRA: Rx'd ZAPI message
2021/11/27 13:18:52 ZEBRA:  Length: 40
2021/11/27 13:18:52 ZEBRA: Command: ZEBRA_ROUTE_ADD
2021/11/27 13:18:52 ZEBRA:     VRF: 0
2021/11/27 13:18:52 ZEBRA: 
0x00007efc94000cc0: 00 28 fe 06 00 00 00 00 .(......
0x00007efc94000cc8: 00 07 06 00 00 00 00 00 ........
0x00007efc94000cd0: 00 05 01 02 18 0a 0a 17 ........
0x00007efc94000cd8: 00 01 00 00 00 00       ......  

2021/11/27 13:18:52 ZEBRA: zread_route_add: p=10.10.23.0/24, ZAPI_MESSAGE_LABEL: unset, flags=0x0
2021/11/27 13:18:52 ZEBRA: nh type 1
2021/11/27 13:18:52 ZEBRA: zebra message[ZEBRA_ROUTE_ADD:0:40] comes from socket [22]
2021/11/27 13:18:52 ZEBRA: Read 1 packets from client: ospf
2021/11/27 13:18:52 ZEBRA: Rx'd ZAPI message
2021/11/27 13:18:52 ZEBRA:  Length: 40
2021/11/27 13:18:52 ZEBRA: Command: ZEBRA_ROUTE_ADD
2021/11/27 13:18:52 ZEBRA:     VRF: 0
2021/11/27 13:18:52 ZEBRA: 
0x00007efc94000f10: 00 28 fe 06 00 00 00 00 .(......
0x00007efc94000f18: 00 07 06 00 00 00 00 00 ........
0x00007efc94000f20: 00 05 01 02 18 0a 0a 18 ........
0x00007efc94000f28: 00 01 00 00 00 00       ......  

2021/11/27 13:18:52 ZEBRA: zread_route_add: p=10.10.24.0/24, ZAPI_MESSAGE_LABEL: unset, flags=0x0
2021/11/27 13:18:52 ZEBRA: nh type 1
2021/11/27 13:18:52 ZEBRA: zebra message[ZEBRA_ROUTE_ADD:0:40] comes from socket [22]
2021/11/27 13:18:52 ZEBRA: Read 1 packets from client: ospf
2021/11/27 13:18:52 ZEBRA: Rx'd ZAPI message
2021/11/27 13:18:52 ZEBRA:  Length: 40
2021/11/27 13:18:52 ZEBRA: Command: ZEBRA_ROUTE_ADD
2021/11/27 13:18:52 ZEBRA:     VRF: 0
2021/11/27 13:18:52 ZEBRA: 
0x00007efc94000cc0: 00 28 fe 06 00 00 00 00 .(......
0x00007efc94000cc8: 00 07 06 00 00 00 00 00 ........
0x00007efc94000cd0: 00 05 01 02 18 0a 0a 19 ........
0x00007efc94000cd8: 00 01 00 00 00 00       ......  

2021/11/27 13:18:52 ZEBRA: zread_route_add: p=10.10.25.0/24, ZAPI_MESSAGE_LABEL: unset, flags=0x0
2021/11/27 13:18:52 ZEBRA: nh type 1
2021/11/27 13:18:52 ZEBRA: Not Notifying Owner: 2 about prefix 10.10.12.0/24(254) 2 vrf: 0
2021/11/27 13:18:52 ZEBRA: Not Notifying Owner: 2 about prefix 10.10.23.0/24(254) 2 vrf: 0
2021/11/27 13:18:52 ZEBRA: Not Notifying Owner: 2 about prefix 10.10.24.0/24(254) 2 vrf: 0
2021/11/27 13:18:52 ZEBRA: Not Notifying Owner: 2 about prefix 10.10.25.0/24(254) 2 vrf: 0
2021/11/27 13:18:52 ZEBRA: zebra message[ZEBRA_HELLO:0:14] comes from socket [27]
2021/11/27 13:18:52 ZEBRA: zebra message[ZEBRA_INTERFACE_ADD:0:10] comes from socket [27]
2021/11/27 13:18:52 ZEBRA: zebra message[ZEBRA_BFD_CLIENT_REGISTER:0:14] comes from socket [27]
2021/11/27 13:18:52 ZEBRA: zebra message[ZEBRA_ROUTER_ID_ADD:0:10] comes from socket [27]
2021/11/27 13:18:52 ZEBRA: zebra message[ZEBRA_INTERFACE_ADD:0:10] comes from socket [27]
2021/11/27 13:18:52 ZEBRA: Read 5 packets from client: system
2021/11/27 13:18:52 ZEBRA: Rx'd ZAPI message
2021/11/27 13:18:52 ZEBRA:  Length: 14
2021/11/27 13:18:52 ZEBRA: Command: ZEBRA_HELLO
2021/11/27 13:18:52 ZEBRA:     VRF: 0
2021/11/27 13:18:52 ZEBRA: 
0x00007efc98000cc0: 00 0e fe 06             ....    

2021/11/27 13:18:52 ZEBRA: client 27 says hello and bids fair to announce only ospf6 routes vrf=0
2021/11/27 13:18:52 ZEBRA: Rx'd ZAPI message
2021/11/27 13:18:52 ZEBRA:  Length: 10
2021/11/27 13:18:52 ZEBRA: Command: ZEBRA_INTERFACE_ADD
2021/11/27 13:18:52 ZEBRA:     VRF: 0
2021/11/27 13:18:52 ZEBRA: 

2021/11/27 13:18:52 ZEBRA: Rx'd ZAPI message
2021/11/27 13:18:52 ZEBRA:  Length: 14
2021/11/27 13:18:52 ZEBRA: Command: ZEBRA_BFD_CLIENT_REGISTER
2021/11/27 13:18:52 ZEBRA:     VRF: 0
2021/11/27 13:18:52 ZEBRA: 
0x00007efc98000d40: 00 0e fe 06             ....    

2021/11/27 13:18:52 ZEBRA: Rx'd ZAPI message
2021/11/27 13:18:52 ZEBRA:  Length: 10
2021/11/27 13:18:52 ZEBRA: Command: ZEBRA_ROUTER_ID_ADD
2021/11/27 13:18:52 ZEBRA:     VRF: 0
2021/11/27 13:18:52 ZEBRA: 

2021/11/27 13:18:52 ZEBRA: Rx'd ZAPI message
2021/11/27 13:18:52 ZEBRA:  Length: 10
2021/11/27 13:18:52 ZEBRA: Command: ZEBRA_INTERFACE_ADD
2021/11/27 13:18:52 ZEBRA:     VRF: 0
2021/11/27 13:18:52 ZEBRA: 

2021/11/27 13:18:53 ZEBRA: zebra message[ZEBRA_ROUTE_ADD:0:46] comes from socket [27]
2021/11/27 13:18:53 ZEBRA: Read 1 packets from client: ospf6
2021/11/27 13:18:53 ZEBRA: Rx'd ZAPI message
2021/11/27 13:18:53 ZEBRA:  Length: 46
2021/11/27 13:18:53 ZEBRA: Command: ZEBRA_ROUTE_ADD
2021/11/27 13:18:53 ZEBRA:     VRF: 0
2021/11/27 13:18:53 ZEBRA: 
0x00007efc98000d60: 00 2e fe 06 00 00 00 00 ........
0x00007efc98000d68: 00 07 07 00 00 00 00 00 ........
0x00007efc98000d70: 00 07 01 0a 40 20 01 00 ....@ ..
0x00007efc98000d78: 01 00 00 00 00 00 01 00 ........
0x00007efc98000d80: 00 00 00 01             ....    

2021/11/27 13:18:53 ZEBRA: zread_route_add: p=2001:1::/64, ZAPI_MESSAGE_LABEL: unset, flags=0x0
2021/11/27 13:18:53 ZEBRA: nh type 1
2021/11/27 13:18:53 ZEBRA: Not Notifying Owner: 2 about prefix 2001:1::/64(254) 2 vrf: 0
2021/11/27 13:18:53 ZEBRA: Not Notifying Owner: 2 about prefix 10.10.12.0/24(254) 2 vrf: 0
2021/11/27 13:18:53 ZEBRA: Not Notifying Owner: 2 about prefix 10.10.23.0/24(254) 2 vrf: 0
2021/11/27 13:18:53 ZEBRA: Not Notifying Owner: 2 about prefix 10.10.24.0/24(254) 2 vrf: 0
2021/11/27 13:18:53 ZEBRA: Not Notifying Owner: 2 about prefix 10.10.25.0/24(254) 2 vrf: 0
2021/11/27 13:18:53 ZEBRA: Not Notifying Owner: 2 about prefix fe80::/64(254) 2 vrf: 0
2021/11/27 13:18:54 ZEBRA: Not Notifying Owner: 2 about prefix 2001:1:0:12::/64(254) 2 vrf: 0
2021/11/27 13:18:54 ZEBRA: Not Notifying Owner: 2 about prefix 10.10.12.0/24(254) 2 vrf: 0
2021/11/27 13:18:54 ZEBRA: Not Notifying Owner: 2 about prefix 10.10.23.0/24(254) 2 vrf: 0
2021/11/27 13:18:54 ZEBRA: Not Notifying Owner: 2 about prefix 10.10.24.0/24(254) 2 vrf: 0
2021/11/27 13:18:54 ZEBRA: Not Notifying Owner: 2 about prefix 10.10.25.0/24(254) 2 vrf: 0
2021/11/27 13:18:54 ZEBRA: Not Notifying Owner: 2 about prefix 2001:1::/64(254) 2 vrf: 0
2021/11/27 13:18:54 ZEBRA: Not Notifying Owner: 2 about prefix fe80::/64(254) 2 vrf: 0
2021/11/27 13:18:54 ZEBRA: Not Notifying Owner: 2 about prefix 2001:1:0:23::/64(254) 2 vrf: 0
2021/11/27 13:18:54 ZEBRA: Not Notifying Owner: 2 about prefix 10.10.12.0/24(254) 2 vrf: 0
2021/11/27 13:18:54 ZEBRA: Not Notifying Owner: 2 about prefix 10.10.23.0/24(254) 2 vrf: 0
2021/11/27 13:18:54 ZEBRA: Not Notifying Owner: 2 about prefix 10.10.24.0/24(254) 2 vrf: 0
2021/11/27 13:18:54 ZEBRA: Not Notifying Owner: 2 about prefix 10.10.25.0/24(254) 2 vrf: 0
2021/11/27 13:18:54 ZEBRA: Not Notifying Owner: 2 about prefix 2001:1::/64(254) 2 vrf: 0
2021/11/27 13:18:54 ZEBRA: Not Notifying Owner: 2 about prefix 2001:1:0:12::/64(254) 2 vrf: 0
2021/11/27 13:18:54 ZEBRA: Not Notifying Owner: 2 about prefix fe80::/64(254) 2 vrf: 0
2021/11/27 13:18:54 ZEBRA: zebra message[ZEBRA_ROUTE_DELETE:0:46] comes from socket [27]
2021/11/27 13:18:54 ZEBRA: zebra message[ZEBRA_ROUTE_ADD:0:46] comes from socket [27]
2021/11/27 13:18:54 ZEBRA: Read 2 packets from client: ospf6
2021/11/27 13:18:54 ZEBRA: Rx'd ZAPI message
2021/11/27 13:18:54 ZEBRA:  Length: 46
2021/11/27 13:18:54 ZEBRA: Command: ZEBRA_ROUTE_DELETE
2021/11/27 13:18:54 ZEBRA:     VRF: 0
2021/11/27 13:18:54 ZEBRA: 
0x00007efc98000ef0: 00 2e fe 06 00 00 00 00 ........
0x00007efc98000ef8: 00 08 07 00 00 00 00 00 ........
0x00007efc98000f00: 00 07 01 0a 40 20 01 00 ....@ ..
0x00007efc98000f08: 01 00 00 00 00 00 01 00 ........
0x00007efc98000f10: 00 00 00 01             ....    

2021/11/27 13:18:54 ZEBRA: Rx'd ZAPI message
2021/11/27 13:18:54 ZEBRA:  Length: 46
2021/11/27 13:18:54 ZEBRA: Command: ZEBRA_ROUTE_ADD
2021/11/27 13:18:54 ZEBRA:     VRF: 0
2021/11/27 13:18:54 ZEBRA: 
0x00007efc98000f50: 00 2e fe 06 00 00 00 00 ........
0x00007efc98000f58: 00 07 07 00 00 00 00 00 ........
0x00007efc98000f60: 00 07 01 0a 40 20 01 00 ....@ ..
0x00007efc98000f68: 01 00 00 00 00 00 01 00 ........
0x00007efc98000f70: 00 00 00 01             ....    

2021/11/27 13:18:54 ZEBRA: zread_route_add: p=2001:1::/64, ZAPI_MESSAGE_LABEL: unset, flags=0x0
2021/11/27 13:18:54 ZEBRA: nh type 1
2021/11/27 13:18:54 ZEBRA: Not Notifying Owner: 2 about prefix 2001:1::/64(254) 2 vrf: 0
2021/11/27 13:18:54 ZEBRA: Not Notifying Owner: 2 about prefix 10.10.12.0/24(254) 2 vrf: 0
2021/11/27 13:18:54 ZEBRA: Not Notifying Owner: 2 about prefix 10.10.23.0/24(254) 2 vrf: 0
2021/11/27 13:18:54 ZEBRA: Not Notifying Owner: 2 about prefix 10.10.24.0/24(254) 2 vrf: 0
2021/11/27 13:18:54 ZEBRA: Not Notifying Owner: 2 about prefix 10.10.25.0/24(254) 2 vrf: 0
2021/11/27 13:18:54 ZEBRA: Not Notifying Owner: 2 about prefix 2001:1:0:12::/64(254) 2 vrf: 0
2021/11/27 13:18:54 ZEBRA: Not Notifying Owner: 2 about prefix 2001:1:0:23::/64(254) 2 vrf: 0
2021/11/27 13:18:54 ZEBRA: Not Notifying Owner: 2 about prefix fe80::/64(254) 2 vrf: 0
2021/11/27 13:19:03 ZEBRA: zebra message[ZEBRA_ROUTE_ADD:0:46] comes from socket [27]
2021/11/27 13:19:03 ZEBRA: Read 1 packets from client: ospf6
2021/11/27 13:19:03 ZEBRA: Rx'd ZAPI message
2021/11/27 13:19:03 ZEBRA:  Length: 46
2021/11/27 13:19:03 ZEBRA: Command: ZEBRA_ROUTE_ADD
2021/11/27 13:19:03 ZEBRA:     VRF: 0
2021/11/27 13:19:03 ZEBRA: 
0x00007efc98000f50: 00 2e fe 06 00 00 00 00 ........
0x00007efc98000f58: 00 07 07 00 00 00 00 00 ........
0x00007efc98000f60: 00 07 01 0a 40 20 01 00 ....@ ..
0x00007efc98000f68: 01 00 00 00 25 00 01 00 ....%...
0x00007efc98000f70: 00 00 00 01             ....    

2021/11/27 13:19:03 ZEBRA: zread_route_add: p=2001:1:0:25::/64, ZAPI_MESSAGE_LABEL: unset, flags=0x0
2021/11/27 13:19:03 ZEBRA: nh type 1
2021/11/27 13:19:03 ZEBRA: Not Notifying Owner: 7 about prefix 2001:1:0:25::/64(254) 2 vrf: 0
2021/11/27 13:19:08 ZEBRA: zebra message[ZEBRA_ROUTE_ADD:0:62] comes from socket [27]
2021/11/27 13:19:08 ZEBRA: zebra message[ZEBRA_ROUTE_ADD:0:62] comes from socket [27]
2021/11/27 13:19:08 ZEBRA: zebra message[ZEBRA_ROUTE_ADD:0:62] comes from socket [27]
2021/11/27 13:19:08 ZEBRA: Read 3 packets from client: ospf6
2021/11/27 13:19:08 ZEBRA: Rx'd ZAPI message
2021/11/27 13:19:08 ZEBRA:  Length: 62
2021/11/27 13:19:08 ZEBRA: Command: ZEBRA_ROUTE_ADD
2021/11/27 13:19:08 ZEBRA:     VRF: 0
2021/11/27 13:19:08 ZEBRA: 
0x00007efc98000fb0: 00 3e fe 06 00 00 00 00 .>......
0x00007efc98000fb8: 00 07 07 00 00 00 00 00 ........
0x00007efc98000fc0: 00 07 01 0a 40 20 01 00 ....@ ..
0x00007efc98000fc8: 01 00 00 00 23 00 01 00 ....#...
0x00007efc98000fd0: 00 00 00 05 00 fe 80 00 ........
0x00007efc98000fd8: 00 00 00 00 00 20 0e 03 ..... ..
0x00007efc98000fe0: ff fe 2e f8             ....    

2021/11/27 13:19:08 ZEBRA: zread_route_add: p=2001:1:0:23::/64, ZAPI_MESSAGE_LABEL: unset, flags=0x0
2021/11/27 13:19:08 ZEBRA: nh type 5
2021/11/27 13:19:08 ZEBRA: Rx'd ZAPI message
2021/11/27 13:19:08 ZEBRA:  Length: 62
2021/11/27 13:19:08 ZEBRA: Command: ZEBRA_ROUTE_ADD
2021/11/27 13:19:08 ZEBRA:     VRF: 0
2021/11/27 13:19:08 ZEBRA: 
0x00007efc98001020: 00 3e fe 06 00 00 00 00 .>......
0x00007efc98001028: 00 07 07 00 00 00 00 00 ........
0x00007efc98001030: 00 07 01 0a 40 20 01 00 ....@ ..
0x00007efc98001038: 01 00 00 00 35 00 01 00 ....5...
0x00007efc98001040: 00 00 00 05 00 fe 80 00 ........
0x00007efc98001048: 00 00 00 00 00 20 0e 03 ..... ..
0x00007efc98001050: ff fe 2e f8             ....    

2021/11/27 13:19:08 ZEBRA: zread_route_add: p=2001:1:0:35::/64, ZAPI_MESSAGE_LABEL: unset, flags=0x0
2021/11/27 13:19:08 ZEBRA: nh type 5
2021/11/27 13:19:08 ZEBRA: Rx'd ZAPI message
2021/11/27 13:19:08 ZEBRA:  Length: 62
2021/11/27 13:19:08 ZEBRA: Command: ZEBRA_ROUTE_ADD
2021/11/27 13:19:08 ZEBRA:     VRF: 0
2021/11/27 13:19:08 ZEBRA: 
0x00007efc98001090: 00 3e fe 06 00 00 00 00 .>......
0x00007efc98001098: 00 07 07 00 00 00 00 00 ........
0x00007efc980010a0: 00 07 01 0a 40 20 01 00 ....@ ..
0x00007efc980010a8: 01 00 00 00 45 00 01 00 ....E...
0x00007efc980010b0: 00 00 00 05 00 fe 80 00 ........
0x00007efc980010b8: 00 00 00 00 00 20 0e 03 ..... ..
0x00007efc980010c0: ff fe 2e f8             ....    

2021/11/27 13:19:08 ZEBRA: zread_route_add: p=2001:1:0:45::/64, ZAPI_MESSAGE_LABEL: unset, flags=0x0
2021/11/27 13:19:08 ZEBRA: nh type 5
2021/11/27 13:19:08 ZEBRA: Not Notifying Owner: 2 about prefix 2001:1:0:23::/64(254) 2 vrf: 0
2021/11/27 13:19:08 ZEBRA: Not Notifying Owner: 7 about prefix 2001:1:0:35::/64(254) 2 vrf: 0
2021/11/27 13:19:08 ZEBRA: Not Notifying Owner: 7 about prefix 2001:1:0:45::/64(254) 2 vrf: 0
2021/11/27 13:19:33 ZEBRA: zebra message[ZEBRA_ROUTE_DELETE:0:24] comes from socket [22]
2021/11/27 13:19:33 ZEBRA: Read 1 packets from client: ospf
2021/11/27 13:19:33 ZEBRA: Rx'd ZAPI message
2021/11/27 13:19:33 ZEBRA:  Length: 24
2021/11/27 13:19:33 ZEBRA: Command: ZEBRA_ROUTE_DELETE
2021/11/27 13:19:33 ZEBRA:     VRF: 0
2021/11/27 13:19:33 ZEBRA: 
0x00007efc94000fb0: 00 18 fe 06 00 00 00 00 ........
0x00007efc94000fb8: 00 08 06 00 00 00       ......  

2021/11/27 13:19:33 ZEBRA: Not Notifying Owner: 2 about prefix 10.10.23.0/24(254) 2 vrf: 0
2021/11/27 13:19:33 ZEBRA: zebra message[ZEBRA_ROUTE_ADD:0:40] comes from socket [22]
2021/11/27 13:19:33 ZEBRA: Read 1 packets from client: ospf
2021/11/27 13:19:33 ZEBRA: Rx'd ZAPI message
2021/11/27 13:19:33 ZEBRA:  Length: 40
2021/11/27 13:19:33 ZEBRA: Command: ZEBRA_ROUTE_ADD
2021/11/27 13:19:33 ZEBRA:     VRF: 0
2021/11/27 13:19:33 ZEBRA: 
0x00007efc94000db0: 00 28 fe 06 00 00 00 00 .(......
0x00007efc94000db8: 00 07 06 00 00 00 00 00 ........
0x00007efc94000dc0: 00 05 01 02 18 0a 0a 17 ........
0x00007efc94000dc8: 00 01 00 00 00 00       ......  

2021/11/27 13:19:33 ZEBRA: zread_route_add: p=10.10.23.0/24, ZAPI_MESSAGE_LABEL: unset, flags=0x0
2021/11/27 13:19:33 ZEBRA: nh type 1
2021/11/27 13:19:33 ZEBRA: Not Notifying Owner: 2 about prefix 10.10.23.0/24(254) 2 vrf: 0
2021/11/27 13:19:33 ZEBRA: zebra message[ZEBRA_ROUTE_DELETE:0:24] comes from socket [22]
2021/11/27 13:19:33 ZEBRA: Read 1 packets from client: ospf
2021/11/27 13:19:33 ZEBRA: Rx'd ZAPI message
2021/11/27 13:19:33 ZEBRA:  Length: 24
2021/11/27 13:19:33 ZEBRA: Command: ZEBRA_ROUTE_DELETE
2021/11/27 13:19:33 ZEBRA:     VRF: 0
2021/11/27 13:19:33 ZEBRA: 
0x00007efc94000fb0: 00 18 fe 06 00 00 00 00 ........
0x00007efc94000fb8: 00 08 06 00 00 00       ......  

2021/11/27 13:19:33 ZEBRA: Not Notifying Owner: 2 about prefix 10.10.25.0/24(254) 2 vrf: 0
2021/11/27 13:19:33 ZEBRA: zebra message[ZEBRA_ROUTE_ADD:0:40] comes from socket [22]
2021/11/27 13:19:33 ZEBRA: Read 1 packets from client: ospf
2021/11/27 13:19:33 ZEBRA: Rx'd ZAPI message
2021/11/27 13:19:33 ZEBRA:  Length: 40
2021/11/27 13:19:33 ZEBRA: Command: ZEBRA_ROUTE_ADD
2021/11/27 13:19:33 ZEBRA:     VRF: 0
2021/11/27 13:19:33 ZEBRA: 
0x00007efc94000f60: 00 28 fe 06 00 00 00 00 .(......
0x00007efc94000f68: 00 07 06 00 00 00 00 00 ........
0x00007efc94000f70: 00 05 01 02 18 0a 0a 19 ........
0x00007efc94000f78: 00 01 00 00 00 00       ......  

2021/11/27 13:19:33 ZEBRA: zread_route_add: p=10.10.25.0/24, ZAPI_MESSAGE_LABEL: unset, flags=0x0
2021/11/27 13:19:33 ZEBRA: nh type 1
2021/11/27 13:19:33 ZEBRA: Not Notifying Owner: 2 about prefix 10.10.25.0/24(254) 2 vrf: 0
2021/11/27 13:19:38 ZEBRA: zebra message[ZEBRA_ROUTE_ADD:0:58] comes from socket [22]
2021/11/27 13:19:38 ZEBRA: zebra message[ZEBRA_ROUTE_ADD:0:44] comes from socket [22]
2021/11/27 13:19:38 ZEBRA: Read 2 packets from client: ospf
2021/11/27 13:19:38 ZEBRA: Rx'd ZAPI message
2021/11/27 13:19:38 ZEBRA:  Length: 58
2021/11/27 13:19:38 ZEBRA: Command: ZEBRA_ROUTE_ADD
2021/11/27 13:19:38 ZEBRA:     VRF: 0
2021/11/27 13:19:38 ZEBRA: 
0x00007efc94000ff0: 00 3a fe 06 00 00 00 00 .:......
0x00007efc94000ff8: 00 07 06 00 00 00 00 00 ........
0x00007efc94001000: 00 05 01 02 18 0a 0a 23 .......#
0x00007efc94001008: 00 02 00 00 00 00 03 00 ........
0x00007efc94001010: 0a 0a 17 03 00 00 00 03 ........
0x00007efc94001018: 00 00 00 00 03 00 0a 0a ........

2021/11/27 13:19:38 ZEBRA: zread_route_add: p=10.10.35.0/24, ZAPI_MESSAGE_LABEL: unset, flags=0x0
2021/11/27 13:19:38 ZEBRA: nh type 3
2021/11/27 13:19:38 ZEBRA: zread_route_add: nh=10.10.23.3, vrf_id=0 (re->vrf_id=0), ifindex=3
2021/11/27 13:19:38 ZEBRA: nh type 3
2021/11/27 13:19:38 ZEBRA: zread_route_add: nh=10.10.25.5, vrf_id=0 (re->vrf_id=0), ifindex=4
2021/11/27 13:19:38 ZEBRA: Rx'd ZAPI message
2021/11/27 13:19:38 ZEBRA:  Length: 44
2021/11/27 13:19:38 ZEBRA: Command: ZEBRA_ROUTE_ADD
2021/11/27 13:19:38 ZEBRA:     VRF: 0
2021/11/27 13:19:38 ZEBRA: 
0x00007efc94001060: 00 2c fe 06 00 00 00 00 .,......
0x00007efc94001068: 00 07 06 00 00 00 00 00 ........
0x00007efc94001070: 00 05 01 02 18 0a 0a 2d .......-
0x00007efc94001078: 00 01 00 00 00 00 03 00 ........
0x00007efc94001080: 0a 0a                   ..      

2021/11/27 13:19:38 ZEBRA: zread_route_add: p=10.10.45.0/24, ZAPI_MESSAGE_LABEL: unset, flags=0x0
2021/11/27 13:19:38 ZEBRA: nh type 3
2021/11/27 13:19:38 ZEBRA: zread_route_add: nh=10.10.25.5, vrf_id=0 (re->vrf_id=0), ifindex=4
2021/11/27 13:19:38 ZEBRA: Not Notifying Owner: 6 about prefix 10.10.35.0/24(254) 2 vrf: 0
2021/11/27 13:19:38 ZEBRA: Not Notifying Owner: 6 about prefix 10.10.45.0/24(254) 2 vrf: 0
2021/11/27 13:19:42 ZEBRA: zebra message[ZEBRA_ROUTE_ADD:0:44] comes from socket [22]
2021/11/27 13:19:42 ZEBRA: zebra message[ZEBRA_ROUTE_ADD:0:44] comes from socket [22]
2021/11/27 13:19:42 ZEBRA: Read 2 packets from client: ospf
2021/11/27 13:19:42 ZEBRA: Rx'd ZAPI message
2021/11/27 13:19:42 ZEBRA:  Length: 44
2021/11/27 13:19:42 ZEBRA: Command: ZEBRA_ROUTE_ADD
2021/11/27 13:19:42 ZEBRA:     VRF: 0
2021/11/27 13:19:42 ZEBRA: 
0x00007efc94001060: 00 2c fe 06 00 00 00 00 .,......
0x00007efc94001068: 00 07 06 00 00 00 00 00 ........
0x00007efc94001070: 00 05 01 02 18 0a 0a 0b ........
0x00007efc94001078: 00 01 00 00 00 00 03 00 ........
0x00007efc94001080: 0a 0a                   ..      

2021/11/27 13:19:42 ZEBRA: zread_route_add: p=10.10.11.0/24, ZAPI_MESSAGE_LABEL: unset, flags=0x0
2021/11/27 13:19:42 ZEBRA: nh type 3
2021/11/27 13:19:42 ZEBRA: zread_route_add: nh=10.10.12.1, vrf_id=0 (re->vrf_id=0), ifindex=2
2021/11/27 13:19:42 ZEBRA: Rx'd ZAPI message
2021/11/27 13:19:42 ZEBRA:  Length: 44
2021/11/27 13:19:42 ZEBRA: Command: ZEBRA_ROUTE_ADD
2021/11/27 13:19:42 ZEBRA:     VRF: 0
2021/11/27 13:19:42 ZEBRA: 
0x00007efc940010c0: 00 2c fe 06 00 00 00 00 .,......
0x00007efc940010c8: 00 07 06 00 00 00 00 00 ........
0x00007efc940010d0: 00 05 01 02 18 0a 0a 0e ........
0x00007efc940010d8: 00 01 00 00 00 00 03 00 ........
0x00007efc940010e0: 0a 0a                   ..      

2021/11/27 13:19:42 ZEBRA: zread_route_add: p=10.10.14.0/24, ZAPI_MESSAGE_LABEL: unset, flags=0x0
2021/11/27 13:19:42 ZEBRA: nh type 3
2021/11/27 13:19:42 ZEBRA: zread_route_add: nh=10.10.12.1, vrf_id=0 (re->vrf_id=0), ifindex=2
2021/11/27 13:19:42 ZEBRA: Not Notifying Owner: 6 about prefix 10.10.11.0/24(254) 2 vrf: 0
2021/11/27 13:19:42 ZEBRA: Not Notifying Owner: 6 about prefix 10.10.14.0/24(254) 2 vrf: 0
2021/11/27 13:20:52 ZEBRA: zebra message[ZEBRA_ROUTE_DELETE:0:24] comes from socket [22]
2021/11/27 13:20:52 ZEBRA: zebra message[ZEBRA_ROUTE_DELETE:0:24] comes from socket [22]
2021/11/27 13:20:52 ZEBRA: Read 2 packets from client: ospf
2021/11/27 13:20:52 ZEBRA: Rx'd ZAPI message
2021/11/27 13:20:52 ZEBRA:  Length: 24
2021/11/27 13:20:52 ZEBRA: Command: ZEBRA_ROUTE_DELETE
2021/11/27 13:20:52 ZEBRA:     VRF: 0
2021/11/27 13:20:52 ZEBRA: 
0x00007efc94000fb0: 00 18 fe 06 00 00 00 00 ........
0x00007efc94000fb8: 00 08 06 00 00 00       ......  

2021/11/27 13:20:52 ZEBRA: Rx'd ZAPI message
2021/11/27 13:20:52 ZEBRA:  Length: 24
2021/11/27 13:20:52 ZEBRA: Command: ZEBRA_ROUTE_DELETE
2021/11/27 13:20:52 ZEBRA:     VRF: 0
2021/11/27 13:20:52 ZEBRA: 
0x00007efc94001120: 00 18 fe 06 00 00 00 00 ........
0x00007efc94001128: 00 08 06 00 00 00       ......  

2021/11/27 13:20:52 ZEBRA: Not Notifying Owner: 6 about prefix 10.10.11.0/24(254) 3 vrf: 0
2021/11/27 13:20:52 ZEBRA: Not Notifying Owner: 6 about prefix 10.10.14.0/24(254) 3 vrf: 0
2021/11/27 16:37:51 ZEBRA: zebra message[ZEBRA_ROUTE_DELETE:0:24] comes from socket [22]
2021/11/27 16:37:51 ZEBRA: Read 1 packets from client: ospf
2021/11/27 16:37:51 ZEBRA: Rx'd ZAPI message
2021/11/27 16:37:51 ZEBRA:  Length: 24
2021/11/27 16:37:51 ZEBRA: Command: ZEBRA_ROUTE_DELETE
2021/11/27 16:37:51 ZEBRA:     VRF: 0
2021/11/27 16:37:51 ZEBRA: 
0x00007efc94000fb0: 00 18 fe 06 00 00 00 00 ........
0x00007efc94000fb8: 00 08 06 00 00 00       ......  

2021/11/27 16:37:51 ZEBRA: Not Notifying Owner: 2 about prefix 10.10.12.0/24(254) 3 vrf: 0
2021/11/27 16:37:51 ZEBRA: Not Notifying Owner: 2 about prefix 10.10.23.0/24(254) 2 vrf: 0
2021/11/27 16:37:51 ZEBRA: Not Notifying Owner: 2 about prefix 10.10.24.0/24(254) 2 vrf: 0
2021/11/27 16:37:51 ZEBRA: Not Notifying Owner: 2 about prefix 10.10.25.0/24(254) 2 vrf: 0
2021/11/27 16:37:51 ZEBRA: Not Notifying Owner: 2 about prefix 2001:1::/64(254) 2 vrf: 0
2021/11/27 16:37:51 ZEBRA: Not Notifying Owner: 2 about prefix 2001:1:0:12::/64(254) 3 vrf: 0
2021/11/27 16:37:51 ZEBRA: Not Notifying Owner: 2 about prefix 2001:1:0:23::/64(254) 2 vrf: 0
2021/11/27 16:37:51 ZEBRA: Not Notifying Owner: 2 about prefix fe80::/64(254) 2 vrf: 0
2021/11/27 16:37:51 ZEBRA: Not Notifying Owner: 2 about prefix 10.10.23.0/24(254) 1 vrf: 0
2021/11/27 16:37:51 ZEBRA: [EC 4043309093] netlink-dp (NS 0) error: No such device, type=RTM_NEWROUTE(24), seq=76, pid=2221343830
2021/11/27 16:37:51 ZEBRA: Not Notifying Owner: 2 about prefix 2001:1:0:23::/64(254) 1 vrf: 0
2021/11/27 16:37:51 ZEBRA: Not Notifying Owner: 2 about prefix fe80::/64(254) 2 vrf: 0
2021/11/27 16:37:51 ZEBRA: Not Notifying Owner: 6 about prefix 10.10.23.0/24(254) 0 vrf: 0
2021/11/27 16:37:51 ZEBRA: 0:10.10.23.0/24: Route install failed
2021/11/27 16:37:51 ZEBRA: Not Notifying Owner: 2 about prefix 10.10.24.0/24(254) 2 vrf: 0
2021/11/27 16:37:51 ZEBRA: Not Notifying Owner: 2 about prefix 10.10.25.0/24(254) 2 vrf: 0
2021/11/27 16:37:51 ZEBRA: Not Notifying Owner: 2 about prefix 2001:1::/64(254) 2 vrf: 0
2021/11/27 16:37:51 ZEBRA: Not Notifying Owner: 7 about prefix 2001:1:0:23::/64(254) 2 vrf: 0
2021/11/27 16:37:51 ZEBRA: zebra message[ZEBRA_ROUTE_ADD:0:44] comes from socket [22]
2021/11/27 16:37:51 ZEBRA: zebra message[ZEBRA_ROUTE_ADD:0:44] comes from socket [22]
2021/11/27 16:37:51 ZEBRA: Read 2 packets from client: ospf
2021/11/27 16:37:51 ZEBRA: Rx'd ZAPI message
2021/11/27 16:37:51 ZEBRA:  Length: 44
2021/11/27 16:37:51 ZEBRA: Command: ZEBRA_ROUTE_ADD
2021/11/27 16:37:51 ZEBRA:     VRF: 0
2021/11/27 16:37:51 ZEBRA: 
0x00007efc94000fb0: 00 2c fe 06 00 00 00 00 .,......
0x00007efc94000fb8: 00 07 06 00 00 00 00 00 ........
0x00007efc94000fc0: 00 05 01 02 18 0a 0a 17 ........
0x00007efc94000fc8: 00 01 00 00 00 00 03 00 ........
0x00007efc94000fd0: 0a 0a                   ..      

2021/11/27 16:37:51 ZEBRA: zread_route_add: p=10.10.23.0/24, ZAPI_MESSAGE_LABEL: unset, flags=0x0
2021/11/27 16:37:51 ZEBRA: nh type 3
2021/11/27 16:37:51 ZEBRA: zread_route_add: nh=10.10.25.5, vrf_id=0 (re->vrf_id=0), ifindex=4
2021/11/27 16:37:51 ZEBRA: Rx'd ZAPI message
2021/11/27 16:37:51 ZEBRA:  Length: 44
2021/11/27 16:37:51 ZEBRA: Command: ZEBRA_ROUTE_ADD
2021/11/27 16:37:51 ZEBRA:     VRF: 0
2021/11/27 16:37:51 ZEBRA: 
0x00007efc94001010: 00 2c fe 06 00 00 00 00 .,......
0x00007efc94001018: 00 07 06 00 00 00 00 00 ........
0x00007efc94001020: 00 05 01 02 18 0a 0a 23 .......#
0x00007efc94001028: 00 01 00 00 00 00 03 00 ........
0x00007efc94001030: 0a 0a                   ..      

2021/11/27 16:37:51 ZEBRA: zread_route_add: p=10.10.35.0/24, ZAPI_MESSAGE_LABEL: unset, flags=0x0
2021/11/27 16:37:51 ZEBRA: nh type 3
2021/11/27 16:37:51 ZEBRA: zread_route_add: nh=10.10.25.5, vrf_id=0 (re->vrf_id=0), ifindex=4
2021/11/27 16:37:51 ZEBRA: Not Notifying Owner: 6 about prefix 10.10.23.0/24(254) 2 vrf: 0
2021/11/27 16:37:51 ZEBRA: Not Notifying Owner: 6 about prefix 10.10.35.0/24(254) 2 vrf: 0
2021/11/27 16:37:51 ZEBRA: zebra message[ZEBRA_ROUTE_DELETE:0:24] comes from socket [22]
2021/11/27 16:37:51 ZEBRA: zebra message[ZEBRA_ROUTE_DELETE:0:24] comes from socket [22]
2021/11/27 16:37:51 ZEBRA: zebra message[ZEBRA_ROUTE_DELETE:0:24] comes from socket [22]
2021/11/27 16:37:51 ZEBRA: zebra message[ZEBRA_ROUTE_DELETE:0:24] comes from socket [22]
2021/11/27 16:37:51 ZEBRA: Read 4 packets from client: ospf
2021/11/27 16:37:51 ZEBRA: [EC 4043309093] netlink-dp (NS 0) error: No such device, type=RTM_NEWROUTE(24), seq=87, pid=2221343830
2021/11/27 16:37:51 ZEBRA: [EC 4043309093] netlink-dp (NS 0) error: No such device, type=RTM_NEWROUTE(24), seq=88, pid=2221343830
2021/11/27 16:37:51 ZEBRA: [EC 4043309093] netlink-dp (NS 0) error: No such device, type=RTM_NEWROUTE(24), seq=89, pid=2221343830
2021/11/27 16:37:51 ZEBRA: [EC 4043309093] netlink-dp (NS 0) error: No such device, type=RTM_NEWROUTE(24), seq=90, pid=2221343830
2021/11/27 16:37:51 ZEBRA: Rx'd ZAPI message
2021/11/27 16:37:51 ZEBRA:  Length: 24
2021/11/27 16:37:51 ZEBRA: Command: ZEBRA_ROUTE_DELETE
2021/11/27 16:37:51 ZEBRA:     VRF: 0
2021/11/27 16:37:51 ZEBRA: 
0x00007efc94000fb0: 00 18 fe 06 00 00 00 00 ........
0x00007efc94000fb8: 00 08 06 00 00 00       ......  

2021/11/27 16:37:51 ZEBRA: Rx'd ZAPI message
2021/11/27 16:37:51 ZEBRA:  Length: 24
2021/11/27 16:37:51 ZEBRA: Command: ZEBRA_ROUTE_DELETE
2021/11/27 16:37:51 ZEBRA:     VRF: 0
2021/11/27 16:37:51 ZEBRA: 
0x00007efc94000ff0: 00 18 fe 06 00 00 00 00 ........
0x00007efc94000ff8: 00 08 06 00 00 00       ......  

2021/11/27 16:37:51 ZEBRA: Rx'd ZAPI message
2021/11/27 16:37:51 ZEBRA:  Length: 24
2021/11/27 16:37:51 ZEBRA: Command: ZEBRA_ROUTE_DELETE
2021/11/27 16:37:51 ZEBRA:     VRF: 0
2021/11/27 16:37:51 ZEBRA: 
0x00007efc94001030: 00 18 fe 06 00 00 00 00 ........
0x00007efc94001038: 00 08 06 00 00 00       ......  

2021/11/27 16:37:51 ZEBRA: Rx'd ZAPI message
2021/11/27 16:37:51 ZEBRA:  Length: 24
2021/11/27 16:37:51 ZEBRA: Command: ZEBRA_ROUTE_DELETE
2021/11/27 16:37:51 ZEBRA:     VRF: 0
2021/11/27 16:37:51 ZEBRA: 
0x00007efc94001070: 00 18 fe 06 00 00 00 00 ........
0x00007efc94001078: 00 08 06 00 00 00       ......  

2021/11/27 16:37:51 ZEBRA: Not Notifying Owner: 7 about prefix 2001:1:0:23::/64(254) 0 vrf: 0
2021/11/27 16:37:51 ZEBRA: 0:2001:1:0:23::/64: Route install failed
2021/11/27 16:37:51 ZEBRA: Not Notifying Owner: 7 about prefix 2001:1:0:25::/64(254) 0 vrf: 0
2021/11/27 16:37:51 ZEBRA: 0:2001:1:0:25::/64: Route install failed
2021/11/27 16:37:51 ZEBRA: Not Notifying Owner: 7 about prefix 2001:1:0:35::/64(254) 0 vrf: 0
2021/11/27 16:37:51 ZEBRA: 0:2001:1:0:35::/64: Route install failed
2021/11/27 16:37:51 ZEBRA: Not Notifying Owner: 7 about prefix 2001:1:0:45::/64(254) 0 vrf: 0
2021/11/27 16:37:51 ZEBRA: 0:2001:1:0:45::/64: Route install failed
2021/11/27 16:37:51 ZEBRA: zebra message[ZEBRA_ROUTE_DELETE:0:62] comes from socket [27]
2021/11/27 16:37:51 ZEBRA: zebra message[ZEBRA_ROUTE_DELETE:0:46] comes from socket [27]
2021/11/27 16:37:51 ZEBRA: zebra message[ZEBRA_ROUTE_DELETE:0:62] comes from socket [27]
2021/11/27 16:37:51 ZEBRA: zebra message[ZEBRA_ROUTE_DELETE:0:62] comes from socket [27]
2021/11/27 16:37:51 ZEBRA: Read 4 packets from client: ospf6
2021/11/27 16:37:51 ZEBRA: Rx'd ZAPI message
2021/11/27 16:37:51 ZEBRA:  Length: 62
2021/11/27 16:37:51 ZEBRA: Command: ZEBRA_ROUTE_DELETE
2021/11/27 16:37:51 ZEBRA:     VRF: 0
2021/11/27 16:37:51 ZEBRA: 
0x00007efc98000f50: 00 3e fe 06 00 00 00 00 .>......
0x00007efc98000f58: 00 08 07 00 00 00 00 00 ........
0x00007efc98000f60: 00 07 01 0a 40 20 01 00 ....@ ..
0x00007efc98000f68: 01 00 00 00 23 00 01 00 ....#...
0x00007efc98000f70: 00 00 00 05 00 fe 80 00 ........
0x00007efc98000f78: 00 00 00 00 00 20 0e 03 ..... ..
0x00007efc98000f80: ff fe 2e f8             ....    

2021/11/27 16:37:51 ZEBRA: Rx'd ZAPI message
2021/11/27 16:37:51 ZEBRA:  Length: 46
2021/11/27 16:37:51 ZEBRA: Command: ZEBRA_ROUTE_DELETE
2021/11/27 16:37:51 ZEBRA:     VRF: 0
2021/11/27 16:37:51 ZEBRA: 
0x00007efc98000ef0: 00 2e fe 06 00 00 00 00 ........
0x00007efc98000ef8: 00 08 07 00 00 00 00 00 ........
0x00007efc98000f00: 00 07 01 0a 40 20 01 00 ....@ ..
0x00007efc98000f08: 01 00 00 00 25 00 01 00 ....%...
0x00007efc98000f10: 00 00 00 01             ....    

2021/11/27 16:37:51 ZEBRA: Rx'd ZAPI message
2021/11/27 16:37:51 ZEBRA:  Length: 62
2021/11/27 16:37:51 ZEBRA: Command: ZEBRA_ROUTE_DELETE
2021/11/27 16:37:51 ZEBRA:     VRF: 0
2021/11/27 16:37:51 ZEBRA: 
0x00007efc98000fc0: 00 3e fe 06 00 00 00 00 .>......
0x00007efc98000fc8: 00 08 07 00 00 00 00 00 ........
0x00007efc98000fd0: 00 07 01 0a 40 20 01 00 ....@ ..
0x00007efc98000fd8: 01 00 00 00 35 00 01 00 ....5...
0x00007efc98000fe0: 00 00 00 05 00 fe 80 00 ........
0x00007efc98000fe8: 00 00 00 00 00 20 0e 03 ..... ..
0x00007efc98000ff0: ff fe 2e f8             ....    

2021/11/27 16:37:51 ZEBRA: Rx'd ZAPI message
2021/11/27 16:37:51 ZEBRA:  Length: 62
2021/11/27 16:37:51 ZEBRA: Command: ZEBRA_ROUTE_DELETE
2021/11/27 16:37:51 ZEBRA:     VRF: 0
2021/11/27 16:37:51 ZEBRA: 
0x00007efc98001030: 00 3e fe 06 00 00 00 00 .>......
0x00007efc98001038: 00 08 07 00 00 00 00 00 ........
0x00007efc98001040: 00 07 01 0a 40 20 01 00 ....@ ..
0x00007efc98001048: 01 00 00 00 45 00 01 00 ....E...
0x00007efc98001050: 00 00 00 05 00 fe 80 00 ........
0x00007efc98001058: 00 00 00 00 00 20 0e 03 ..... ..
0x00007efc98001060: ff fe 2e f8             ....    

2021/11/27 16:37:51 ZEBRA: Not Notifying Owner: 2 about prefix fe80::/64(254) 2 vrf: 0
2021/11/27 16:37:51 ZEBRA: Not Notifying Owner: 2 about prefix 10.10.24.0/24(254) 2 vrf: 0
2021/11/27 16:37:51 ZEBRA: Not Notifying Owner: 2 about prefix 10.10.25.0/24(254) 3 vrf: 0
2021/11/27 16:37:51 ZEBRA: Not Notifying Owner: 2 about prefix 2001:1::/64(254) 2 vrf: 0
2021/11/27 16:37:51 ZEBRA: Not Notifying Owner: 6 about prefix 10.10.23.0/24(254) 3 vrf: 0
2021/11/27 16:37:51 ZEBRA: Not Notifying Owner: 6 about prefix 10.10.35.0/24(254) 3 vrf: 0
2021/11/27 16:37:51 ZEBRA: Not Notifying Owner: 6 about prefix 10.10.45.0/24(254) 3 vrf: 0
2021/11/27 16:37:51 ZEBRA: Not Notifying Owner: 7 about prefix 2001:1:0:23::/64(254) 3 vrf: 0
2021/11/27 16:37:51 ZEBRA: Not Notifying Owner: 7 about prefix 2001:1:0:25::/64(254) 3 vrf: 0
2021/11/27 16:37:51 ZEBRA: Not Notifying Owner: 7 about prefix 2001:1:0:35::/64(254) 3 vrf: 0
2021/11/27 16:37:51 ZEBRA: Not Notifying Owner: 7 about prefix 2001:1:0:45::/64(254) 3 vrf: 0
2021/11/27 16:37:51 ZEBRA: zebra message[ZEBRA_ROUTE_DELETE:0:24] comes from socket [22]
2021/11/27 16:37:51 ZEBRA: Read 1 packets from client: ospf
2021/11/27 16:37:51 ZEBRA: zebra message[ZEBRA_ROUTE_DELETE:0:46] comes from socket [27]
2021/11/27 16:37:51 ZEBRA: Read 1 packets from client: ospf6
2021/11/27 16:37:51 ZEBRA: Rx'd ZAPI message
2021/11/27 16:37:51 ZEBRA:  Length: 24
2021/11/27 16:37:51 ZEBRA: Command: ZEBRA_ROUTE_DELETE
2021/11/27 16:37:51 ZEBRA:     VRF: 0
2021/11/27 16:37:51 ZEBRA: 
0x00007efc94000fb0: 00 18 fe 06 00 00 00 00 ........
0x00007efc94000fb8: 00 08 06 00 00 00       ......  

2021/11/27 16:37:51 ZEBRA: Rx'd ZAPI message
2021/11/27 16:37:51 ZEBRA:  Length: 46
2021/11/27 16:37:51 ZEBRA: Command: ZEBRA_ROUTE_DELETE
2021/11/27 16:37:51 ZEBRA:     VRF: 0
2021/11/27 16:37:51 ZEBRA: 
0x00007efc98000ef0: 00 2e fe 06 00 00 00 00 ........
0x00007efc98000ef8: 00 08 07 00 00 00 00 00 ........
0x00007efc98000f00: 00 07 01 0a 40 20 01 00 ....@ ..
0x00007efc98000f08: 01 00 00 00 00 00 01 00 ........
0x00007efc98000f10: 00 00 00 01             ....    

2021/11/27 16:37:51 ZEBRA: Not Notifying Owner: 2 about prefix 10.10.24.0/24(254) 3 vrf: 0
2021/11/27 16:37:51 ZEBRA: Not Notifying Owner: 2 about prefix 2001:1::/64(254) 3 vrf: 0
2021/11/27 16:37:51 ZEBRA: Not Notifying Owner: 2 about prefix fe80::/64(254) 3 vrf: 0
