2021/11/27 13:18:51 ZEBRA: Not Notifying Owner: 2 about prefix 10.10.11.0/24(254) 2 vrf: 0
2021/11/27 13:18:51 ZEBRA: Not Notifying Owner: 2 about prefix 10.10.12.0/24(254) 2 vrf: 0
2021/11/27 13:18:51 ZEBRA: Not Notifying Owner: 2 about prefix 10.10.11.0/24(254) 2 vrf: 0
2021/11/27 13:18:51 ZEBRA: Not Notifying Owner: 2 about prefix 10.10.14.0/24(254) 2 vrf: 0
2021/11/27 13:18:51 ZEBRA: Not Notifying Owner: 2 about prefix fe80::/64(254) 2 vrf: 0
2021/11/27 13:18:51 ZEBRA: Not Notifying Owner: 2 about prefix 10.10.11.0/24(254) 2 vrf: 0
2021/11/27 13:18:51 ZEBRA: Not Notifying Owner: 2 about prefix 10.10.12.0/24(254) 2 vrf: 0
2021/11/27 13:18:51 ZEBRA: Not Notifying Owner: 2 about prefix 10.10.14.0/24(254) 2 vrf: 0
2021/11/27 13:18:52 ZEBRA: zebra message[ZEBRA_HELLO:0:14] comes from socket [22]
2021/11/27 13:18:52 ZEBRA: zebra message[ZEBRA_INTERFACE_ADD:0:10] comes from socket [22]
2021/11/27 13:18:52 ZEBRA: zebra message[ZEBRA_BFD_CLIENT_REGISTER:0:14] comes from socket [22]
2021/11/27 13:18:52 ZEBRA: zebra message[ZEBRA_ROUTER_ID_ADD:0:10] comes from socket [22]
2021/11/27 13:18:52 ZEBRA: zebra message[ZEBRA_INTERFACE_ADD:0:10] comes from socket [22]
2021/11/27 13:18:52 ZEBRA: Read 5 packets from client: system
2021/11/27 13:18:52 ZEBRA: Rx'd ZAPI message
2021/11/27 13:18:52 ZEBRA:  Length: 14
2021/11/27 13:18:52 ZEBRA: Command: ZEBRA_HELLO
2021/11/27 13:18:52 ZEBRA:     VRF: 0
2021/11/27 13:18:52 ZEBRA: 
0x00007f2e24000cc0: 00 0e fe 06             ....    

2021/11/27 13:18:52 ZEBRA: client 22 says hello and bids fair to announce only ospf routes vrf=0
2021/11/27 13:18:52 ZEBRA: Rx'd ZAPI message
2021/11/27 13:18:52 ZEBRA:  Length: 10
2021/11/27 13:18:52 ZEBRA: Command: ZEBRA_INTERFACE_ADD
2021/11/27 13:18:52 ZEBRA:     VRF: 0
2021/11/27 13:18:52 ZEBRA: 

2021/11/27 13:18:52 ZEBRA: Rx'd ZAPI message
2021/11/27 13:18:52 ZEBRA:  Length: 14
2021/11/27 13:18:52 ZEBRA: Command: ZEBRA_BFD_CLIENT_REGISTER
2021/11/27 13:18:52 ZEBRA:     VRF: 0
2021/11/27 13:18:52 ZEBRA: 
0x00007f2e24000d40: 00 0e fe 06             ....    

2021/11/27 13:18:52 ZEBRA: Rx'd ZAPI message
2021/11/27 13:18:52 ZEBRA:  Length: 10
2021/11/27 13:18:52 ZEBRA: Command: ZEBRA_ROUTER_ID_ADD
2021/11/27 13:18:52 ZEBRA:     VRF: 0
2021/11/27 13:18:52 ZEBRA: 

2021/11/27 13:18:52 ZEBRA: Rx'd ZAPI message
2021/11/27 13:18:52 ZEBRA:  Length: 10
2021/11/27 13:18:52 ZEBRA: Command: ZEBRA_INTERFACE_ADD
2021/11/27 13:18:52 ZEBRA:     VRF: 0
2021/11/27 13:18:52 ZEBRA: 

2021/11/27 13:18:52 ZEBRA: zebra message[ZEBRA_ROUTE_ADD:0:40] comes from socket [22]
2021/11/27 13:18:52 ZEBRA: Read 1 packets from client: ospf
2021/11/27 13:18:52 ZEBRA: Rx'd ZAPI message
2021/11/27 13:18:52 ZEBRA:  Length: 40
2021/11/27 13:18:52 ZEBRA: Command: ZEBRA_ROUTE_ADD
2021/11/27 13:18:52 ZEBRA:     VRF: 0
2021/11/27 13:18:52 ZEBRA: 
0x00007f2e24000f10: 00 28 fe 06 00 00 00 00 .(......
0x00007f2e24000f18: 00 07 06 00 00 00 00 00 ........
0x00007f2e24000f20: 00 05 01 02 18 0a 0a 0b ........
0x00007f2e24000f28: 00 01 00 00 00 00       ......  

2021/11/27 13:18:52 ZEBRA: zread_route_add: p=10.10.11.0/24, ZAPI_MESSAGE_LABEL: unset, flags=0x0
2021/11/27 13:18:52 ZEBRA: nh type 1
2021/11/27 13:18:52 ZEBRA: zebra message[ZEBRA_ROUTE_ADD:0:40] comes from socket [22]
2021/11/27 13:18:52 ZEBRA: Read 1 packets from client: ospf
2021/11/27 13:18:52 ZEBRA: Rx'd ZAPI message
2021/11/27 13:18:52 ZEBRA:  Length: 40
2021/11/27 13:18:52 ZEBRA: Command: ZEBRA_ROUTE_ADD
2021/11/27 13:18:52 ZEBRA:     VRF: 0
2021/11/27 13:18:52 ZEBRA: 
0x00007f2e24000cc0: 00 28 fe 06 00 00 00 00 .(......
0x00007f2e24000cc8: 00 07 06 00 00 00 00 00 ........
0x00007f2e24000cd0: 00 05 01 02 18 0a 0a 0c ........
0x00007f2e24000cd8: 00 01 00 00 00 00       ......  

2021/11/27 13:18:52 ZEBRA: zread_route_add: p=10.10.12.0/24, ZAPI_MESSAGE_LABEL: unset, flags=0x0
2021/11/27 13:18:52 ZEBRA: nh type 1
2021/11/27 13:18:52 ZEBRA: zebra message[ZEBRA_ROUTE_ADD:0:40] comes from socket [22]
2021/11/27 13:18:52 ZEBRA: Read 1 packets from client: ospf
2021/11/27 13:18:52 ZEBRA: Rx'd ZAPI message
2021/11/27 13:18:52 ZEBRA:  Length: 40
2021/11/27 13:18:52 ZEBRA: Command: ZEBRA_ROUTE_ADD
2021/11/27 13:18:52 ZEBRA:     VRF: 0
2021/11/27 13:18:52 ZEBRA: 
0x00007f2e24000f10: 00 28 fe 06 00 00 00 00 .(......
0x00007f2e24000f18: 00 07 06 00 00 00 00 00 ........
0x00007f2e24000f20: 00 05 01 02 18 0a 0a 0e ........
0x00007f2e24000f28: 00 01 00 00 00 00       ......  

2021/11/27 13:18:52 ZEBRA: zread_route_add: p=10.10.14.0/24, ZAPI_MESSAGE_LABEL: unset, flags=0x0
2021/11/27 13:18:52 ZEBRA: nh type 1
2021/11/27 13:18:52 ZEBRA: Not Notifying Owner: 2 about prefix 10.10.11.0/24(254) 2 vrf: 0
2021/11/27 13:18:52 ZEBRA: Not Notifying Owner: 2 about prefix 10.10.12.0/24(254) 2 vrf: 0
2021/11/27 13:18:52 ZEBRA: Not Notifying Owner: 2 about prefix 10.10.14.0/24(254) 2 vrf: 0
2021/11/27 13:18:52 ZEBRA: zebra message[ZEBRA_HELLO:0:14] comes from socket [27]
2021/11/27 13:18:52 ZEBRA: zebra message[ZEBRA_INTERFACE_ADD:0:10] comes from socket [27]
2021/11/27 13:18:52 ZEBRA: zebra message[ZEBRA_BFD_CLIENT_REGISTER:0:14] comes from socket [27]
2021/11/27 13:18:52 ZEBRA: zebra message[ZEBRA_ROUTER_ID_ADD:0:10] comes from socket [27]
2021/11/27 13:18:52 ZEBRA: zebra message[ZEBRA_INTERFACE_ADD:0:10] comes from socket [27]
2021/11/27 13:18:52 ZEBRA: Read 5 packets from client: system
2021/11/27 13:18:52 ZEBRA: Rx'd ZAPI message
2021/11/27 13:18:52 ZEBRA:  Length: 14
2021/11/27 13:18:52 ZEBRA: Command: ZEBRA_HELLO
2021/11/27 13:18:52 ZEBRA:     VRF: 0
2021/11/27 13:18:52 ZEBRA: 
0x00007f2e28000cc0: 00 0e fe 06             ....    

2021/11/27 13:18:52 ZEBRA: client 27 says hello and bids fair to announce only ospf6 routes vrf=0
2021/11/27 13:18:52 ZEBRA: Rx'd ZAPI message
2021/11/27 13:18:52 ZEBRA:  Length: 10
2021/11/27 13:18:52 ZEBRA: Command: ZEBRA_INTERFACE_ADD
2021/11/27 13:18:52 ZEBRA:     VRF: 0
2021/11/27 13:18:52 ZEBRA: 

2021/11/27 13:18:52 ZEBRA: Rx'd ZAPI message
2021/11/27 13:18:52 ZEBRA:  Length: 14
2021/11/27 13:18:52 ZEBRA: Command: ZEBRA_BFD_CLIENT_REGISTER
2021/11/27 13:18:52 ZEBRA:     VRF: 0
2021/11/27 13:18:52 ZEBRA: 
0x00007f2e28000d40: 00 0e fe 06             ....    

2021/11/27 13:18:52 ZEBRA: Rx'd ZAPI message
2021/11/27 13:18:52 ZEBRA:  Length: 10
2021/11/27 13:18:52 ZEBRA: Command: ZEBRA_ROUTER_ID_ADD
2021/11/27 13:18:52 ZEBRA:     VRF: 0
2021/11/27 13:18:52 ZEBRA: 

2021/11/27 13:18:52 ZEBRA: Rx'd ZAPI message
2021/11/27 13:18:52 ZEBRA:  Length: 10
2021/11/27 13:18:52 ZEBRA: Command: ZEBRA_INTERFACE_ADD
2021/11/27 13:18:52 ZEBRA:     VRF: 0
2021/11/27 13:18:52 ZEBRA: 

2021/11/27 13:18:52 ZEBRA: Not Notifying Owner: 2 about prefix fe80::/64(254) 2 vrf: 0
2021/11/27 13:18:52 ZEBRA: Not Notifying Owner: 2 about prefix 10.10.11.0/24(254) 2 vrf: 0
2021/11/27 13:18:52 ZEBRA: Not Notifying Owner: 2 about prefix 10.10.12.0/24(254) 2 vrf: 0
2021/11/27 13:18:52 ZEBRA: Not Notifying Owner: 2 about prefix 10.10.14.0/24(254) 2 vrf: 0
2021/11/27 13:18:52 ZEBRA: Not Notifying Owner: 2 about prefix fe80::/64(254) 2 vrf: 0
2021/11/27 13:18:52 ZEBRA: Not Notifying Owner: 2 about prefix 10.10.11.0/24(254) 2 vrf: 0
2021/11/27 13:18:52 ZEBRA: Not Notifying Owner: 2 about prefix 10.10.12.0/24(254) 2 vrf: 0
2021/11/27 13:18:52 ZEBRA: Not Notifying Owner: 2 about prefix 10.10.14.0/24(254) 2 vrf: 0
2021/11/27 13:18:52 ZEBRA: Not Notifying Owner: 2 about prefix 2001:1:0:14::/64(254) 2 vrf: 0
2021/11/27 13:18:52 ZEBRA: Not Notifying Owner: 2 about prefix 10.10.11.0/24(254) 2 vrf: 0
2021/11/27 13:18:52 ZEBRA: Not Notifying Owner: 2 about prefix 10.10.12.0/24(254) 2 vrf: 0
2021/11/27 13:18:52 ZEBRA: Not Notifying Owner: 2 about prefix 10.10.14.0/24(254) 2 vrf: 0
2021/11/27 13:18:52 ZEBRA: Not Notifying Owner: 2 about prefix fe80::/64(254) 2 vrf: 0
2021/11/27 13:18:53 ZEBRA: Not Notifying Owner: 2 about prefix 2001:1:0:11::/64(254) 2 vrf: 0
2021/11/27 13:18:53 ZEBRA: Not Notifying Owner: 2 about prefix 10.10.11.0/24(254) 2 vrf: 0
2021/11/27 13:18:53 ZEBRA: Not Notifying Owner: 2 about prefix 10.10.12.0/24(254) 2 vrf: 0
2021/11/27 13:18:53 ZEBRA: Not Notifying Owner: 2 about prefix 10.10.14.0/24(254) 2 vrf: 0
2021/11/27 13:18:53 ZEBRA: Not Notifying Owner: 2 about prefix 2001:1:0:14::/64(254) 2 vrf: 0
2021/11/27 13:18:53 ZEBRA: Not Notifying Owner: 2 about prefix fe80::/64(254) 2 vrf: 0
2021/11/27 13:18:53 ZEBRA: Not Notifying Owner: 2 about prefix 2001:1:0:12::/64(254) 2 vrf: 0
2021/11/27 13:18:53 ZEBRA: Not Notifying Owner: 2 about prefix 10.10.11.0/24(254) 2 vrf: 0
2021/11/27 13:18:53 ZEBRA: Not Notifying Owner: 2 about prefix 10.10.12.0/24(254) 2 vrf: 0
2021/11/27 13:18:53 ZEBRA: Not Notifying Owner: 2 about prefix 10.10.14.0/24(254) 2 vrf: 0
2021/11/27 13:18:53 ZEBRA: Not Notifying Owner: 2 about prefix 2001:1:0:11::/64(254) 2 vrf: 0
2021/11/27 13:18:53 ZEBRA: Not Notifying Owner: 2 about prefix 2001:1:0:14::/64(254) 2 vrf: 0
2021/11/27 13:18:53 ZEBRA: Not Notifying Owner: 2 about prefix fe80::/64(254) 2 vrf: 0
2021/11/27 13:19:32 ZEBRA: zebra message[ZEBRA_ROUTE_ADD:0:46] comes from socket [27]
2021/11/27 13:19:32 ZEBRA: Read 1 packets from client: ospf6
2021/11/27 13:19:32 ZEBRA: Rx'd ZAPI message
2021/11/27 13:19:32 ZEBRA:  Length: 46
2021/11/27 13:19:32 ZEBRA: Command: ZEBRA_ROUTE_ADD
2021/11/27 13:19:32 ZEBRA:     VRF: 0
2021/11/27 13:19:32 ZEBRA: 
0x00007f2e28000ef0: 00 2e fe 06 00 00 00 00 ........
0x00007f2e28000ef8: 00 07 07 00 00 00 00 00 ........
0x00007f2e28000f00: 00 07 01 0a 40 20 01 00 ....@ ..
0x00007f2e28000f08: 01 00 00 00 11 00 01 00 ........
0x00007f2e28000f10: 00 00 00 01             ....    

2021/11/27 13:19:32 ZEBRA: zread_route_add: p=2001:1:0:11::/64, ZAPI_MESSAGE_LABEL: unset, flags=0x0
2021/11/27 13:19:32 ZEBRA: nh type 1
2021/11/27 13:19:32 ZEBRA: Not Notifying Owner: 2 about prefix 2001:1:0:11::/64(254) 2 vrf: 0
2021/11/27 13:19:32 ZEBRA: zebra message[ZEBRA_ROUTE_DELETE:0:24] comes from socket [22]
2021/11/27 13:19:32 ZEBRA: Read 1 packets from client: ospf
2021/11/27 13:19:32 ZEBRA: Rx'd ZAPI message
2021/11/27 13:19:32 ZEBRA:  Length: 24
2021/11/27 13:19:32 ZEBRA: Command: ZEBRA_ROUTE_DELETE
2021/11/27 13:19:32 ZEBRA:     VRF: 0
2021/11/27 13:19:32 ZEBRA: 
0x00007f2e24000fb0: 00 18 fe 06 00 00 00 00 ........
0x00007f2e24000fb8: 00 08 06 00 00 00       ......  

2021/11/27 13:19:32 ZEBRA: Not Notifying Owner: 2 about prefix 10.10.12.0/24(254) 2 vrf: 0
2021/11/27 13:19:32 ZEBRA: zebra message[ZEBRA_ROUTE_ADD:0:40] comes from socket [22]
2021/11/27 13:19:32 ZEBRA: Read 1 packets from client: ospf
2021/11/27 13:19:32 ZEBRA: Rx'd ZAPI message
2021/11/27 13:19:32 ZEBRA:  Length: 40
2021/11/27 13:19:32 ZEBRA: Command: ZEBRA_ROUTE_ADD
2021/11/27 13:19:32 ZEBRA:     VRF: 0
2021/11/27 13:19:32 ZEBRA: 
0x00007f2e24000db0: 00 28 fe 06 00 00 00 00 .(......
0x00007f2e24000db8: 00 07 06 00 00 00 00 00 ........
0x00007f2e24000dc0: 00 05 01 02 18 0a 0a 0c ........
0x00007f2e24000dc8: 00 01 00 00 00 00       ......  

2021/11/27 13:19:32 ZEBRA: zread_route_add: p=10.10.12.0/24, ZAPI_MESSAGE_LABEL: unset, flags=0x0
2021/11/27 13:19:32 ZEBRA: nh type 1
2021/11/27 13:19:32 ZEBRA: Not Notifying Owner: 2 about prefix 10.10.12.0/24(254) 2 vrf: 0
2021/11/27 13:19:42 ZEBRA: zebra message[ZEBRA_ROUTE_ADD:0:44] comes from socket [22]
2021/11/27 13:19:42 ZEBRA: zebra message[ZEBRA_ROUTE_ADD:0:44] comes from socket [22]
2021/11/27 13:19:42 ZEBRA: zebra message[ZEBRA_ROUTE_ADD:0:44] comes from socket [22]
2021/11/27 13:19:42 ZEBRA: zebra message[ZEBRA_ROUTE_ADD:0:44] comes from socket [22]
2021/11/27 13:19:42 ZEBRA: zebra message[ZEBRA_ROUTE_ADD:0:44] comes from socket [22]
2021/11/27 13:19:42 ZEBRA: Read 5 packets from client: ospf
2021/11/27 13:19:42 ZEBRA: Rx'd ZAPI message
2021/11/27 13:19:42 ZEBRA:  Length: 44
2021/11/27 13:19:42 ZEBRA: Command: ZEBRA_ROUTE_ADD
2021/11/27 13:19:42 ZEBRA:     VRF: 0
2021/11/27 13:19:42 ZEBRA: 
0x00007f2e24000ff0: 00 2c fe 06 00 00 00 00 .,......
0x00007f2e24000ff8: 00 07 06 00 00 00 00 00 ........
0x00007f2e24001000: 00 05 01 02 18 0a 0a 17 ........
0x00007f2e24001008: 00 01 00 00 00 00 03 00 ........
0x00007f2e24001010: 0a 0a                   ..      

2021/11/27 13:19:42 ZEBRA: zread_route_add: p=10.10.23.0/24, ZAPI_MESSAGE_LABEL: unset, flags=0x0
2021/11/27 13:19:42 ZEBRA: nh type 3
2021/11/27 13:19:42 ZEBRA: zread_route_add: nh=10.10.12.2, vrf_id=0 (re->vrf_id=0), ifindex=3
2021/11/27 13:19:42 ZEBRA: Rx'd ZAPI message
2021/11/27 13:19:42 ZEBRA:  Length: 44
2021/11/27 13:19:42 ZEBRA: Command: ZEBRA_ROUTE_ADD
2021/11/27 13:19:42 ZEBRA:     VRF: 0
2021/11/27 13:19:42 ZEBRA: 
0x00007f2e24001050: 00 2c fe 06 00 00 00 00 .,......
0x00007f2e24001058: 00 07 06 00 00 00 00 00 ........
0x00007f2e24001060: 00 05 01 02 18 0a 0a 18 ........
0x00007f2e24001068: 00 01 00 00 00 00 03 00 ........
0x00007f2e24001070: 0a 0a                   ..      

2021/11/27 13:19:42 ZEBRA: zread_route_add: p=10.10.24.0/24, ZAPI_MESSAGE_LABEL: unset, flags=0x0
2021/11/27 13:19:42 ZEBRA: nh type 3
2021/11/27 13:19:42 ZEBRA: zread_route_add: nh=10.10.12.2, vrf_id=0 (re->vrf_id=0), ifindex=3
2021/11/27 13:19:42 ZEBRA: Rx'd ZAPI message
2021/11/27 13:19:42 ZEBRA:  Length: 44
2021/11/27 13:19:42 ZEBRA: Command: ZEBRA_ROUTE_ADD
2021/11/27 13:19:42 ZEBRA:     VRF: 0
2021/11/27 13:19:42 ZEBRA: 
0x00007f2e240010b0: 00 2c fe 06 00 00 00 00 .,......
0x00007f2e240010b8: 00 07 06 00 00 00 00 00 ........
0x00007f2e240010c0: 00 05 01 02 18 0a 0a 19 ........
0x00007f2e240010c8: 00 01 00 00 00 00 03 00 ........
0x00007f2e240010d0: 0a 0a                   ..      

2021/11/27 13:19:42 ZEBRA: zread_route_add: p=10.10.25.0/24, ZAPI_MESSAGE_LABEL: unset, flags=0x0
2021/11/27 13:19:42 ZEBRA: nh type 3
2021/11/27 13:19:42 ZEBRA: zread_route_add: nh=10.10.12.2, vrf_id=0 (re->vrf_id=0), ifindex=3
2021/11/27 13:19:42 ZEBRA: Rx'd ZAPI message
2021/11/27 13:19:42 ZEBRA:  Length: 44
2021/11/27 13:19:42 ZEBRA: Command: ZEBRA_ROUTE_ADD
2021/11/27 13:19:42 ZEBRA:     VRF: 0
2021/11/27 13:19:42 ZEBRA: 
0x00007f2e24001110: 00 2c fe 06 00 00 00 00 .,......
0x00007f2e24001118: 00 07 06 00 00 00 00 00 ........
0x00007f2e24001120: 00 05 01 02 18 0a 0a 23 .......#
0x00007f2e24001128: 00 01 00 00 00 00 03 00 ........
0x00007f2e24001130: 0a 0a                   ..      

2021/11/27 13:19:42 ZEBRA: zread_route_add: p=10.10.35.0/24, ZAPI_MESSAGE_LABEL: unset, flags=0x0
2021/11/27 13:19:42 ZEBRA: nh type 3
2021/11/27 13:19:42 ZEBRA: zread_route_add: nh=10.10.12.2, vrf_id=0 (re->vrf_id=0), ifindex=3
2021/11/27 13:19:42 ZEBRA: Rx'd ZAPI message
2021/11/27 13:19:42 ZEBRA:  Length: 44
2021/11/27 13:19:42 ZEBRA: Command: ZEBRA_ROUTE_ADD
2021/11/27 13:19:42 ZEBRA:     VRF: 0
2021/11/27 13:19:42 ZEBRA: 
0x00007f2e24001170: 00 2c fe 06 00 00 00 00 .,......
0x00007f2e24001178: 00 07 06 00 00 00 00 00 ........
0x00007f2e24001180: 00 05 01 02 18 0a 0a 2d .......-
0x00007f2e24001188: 00 01 00 00 00 00 03 00 ........
0x00007f2e24001190: 0a 0a                   ..      

2021/11/27 13:19:42 ZEBRA: zread_route_add: p=10.10.45.0/24, ZAPI_MESSAGE_LABEL: unset, flags=0x0
2021/11/27 13:19:42 ZEBRA: nh type 3
2021/11/27 13:19:42 ZEBRA: zread_route_add: nh=10.10.12.2, vrf_id=0 (re->vrf_id=0), ifindex=3
2021/11/27 13:19:42 ZEBRA: Not Notifying Owner: 6 about prefix 10.10.23.0/24(254) 2 vrf: 0
2021/11/27 13:19:42 ZEBRA: Not Notifying Owner: 6 about prefix 10.10.24.0/24(254) 2 vrf: 0
2021/11/27 13:19:42 ZEBRA: Not Notifying Owner: 6 about prefix 10.10.25.0/24(254) 2 vrf: 0
2021/11/27 13:19:42 ZEBRA: Not Notifying Owner: 6 about prefix 10.10.35.0/24(254) 2 vrf: 0
2021/11/27 13:19:42 ZEBRA: Not Notifying Owner: 6 about prefix 10.10.45.0/24(254) 2 vrf: 0
2021/11/27 13:19:50 ZEBRA: Vty connection from 127.0.0.1
2021/11/27 13:20:14 ZEBRA: zebra message[ZEBRA_ROUTE_DELETE:0:24] comes from socket [22]
2021/11/27 13:20:14 ZEBRA: zebra message[ZEBRA_ROUTE_DELETE:0:24] comes from socket [22]
2021/11/27 13:20:14 ZEBRA: zebra message[ZEBRA_ROUTE_DELETE:0:24] comes from socket [22]
2021/11/27 13:20:14 ZEBRA: zebra message[ZEBRA_ROUTE_DELETE:0:24] comes from socket [22]
2021/11/27 13:20:14 ZEBRA: zebra message[ZEBRA_ROUTE_DELETE:0:24] comes from socket [22]
2021/11/27 13:20:14 ZEBRA: zebra message[ZEBRA_ROUTE_DELETE:0:24] comes from socket [22]
2021/11/27 13:20:14 ZEBRA: Read 6 packets from client: ospf
2021/11/27 13:20:14 ZEBRA: Rx'd ZAPI message
2021/11/27 13:20:14 ZEBRA:  Length: 24
2021/11/27 13:20:14 ZEBRA: Command: ZEBRA_ROUTE_DELETE
2021/11/27 13:20:14 ZEBRA:     VRF: 0
2021/11/27 13:20:14 ZEBRA: 
0x00007f2e24000fb0: 00 18 fe 06 00 00 00 00 ........
0x00007f2e24000fb8: 00 08 06 00 00 00       ......  

2021/11/27 13:20:14 ZEBRA: Rx'd ZAPI message
2021/11/27 13:20:14 ZEBRA:  Length: 24
2021/11/27 13:20:14 ZEBRA: Command: ZEBRA_ROUTE_DELETE
2021/11/27 13:20:14 ZEBRA:     VRF: 0
2021/11/27 13:20:14 ZEBRA: 
0x00007f2e24000ff0: 00 18 fe 06 00 00 00 00 ........
0x00007f2e24000ff8: 00 08 06 00 00 00       ......  

2021/11/27 13:20:14 ZEBRA: Rx'd ZAPI message
2021/11/27 13:20:14 ZEBRA:  Length: 24
2021/11/27 13:20:14 ZEBRA: Command: ZEBRA_ROUTE_DELETE
2021/11/27 13:20:14 ZEBRA:     VRF: 0
2021/11/27 13:20:14 ZEBRA: 
0x00007f2e24001030: 00 18 fe 06 00 00 00 00 ........
0x00007f2e24001038: 00 08 06 00 00 00       ......  

2021/11/27 13:20:14 ZEBRA: Rx'd ZAPI message
2021/11/27 13:20:14 ZEBRA:  Length: 24
2021/11/27 13:20:14 ZEBRA: Command: ZEBRA_ROUTE_DELETE
2021/11/27 13:20:14 ZEBRA:     VRF: 0
2021/11/27 13:20:14 ZEBRA: 
0x00007f2e24001070: 00 18 fe 06 00 00 00 00 ........
0x00007f2e24001078: 00 08 06 00 00 00       ......  

2021/11/27 13:20:14 ZEBRA: Rx'd ZAPI message
2021/11/27 13:20:14 ZEBRA:  Length: 24
2021/11/27 13:20:14 ZEBRA: Command: ZEBRA_ROUTE_DELETE
2021/11/27 13:20:14 ZEBRA:     VRF: 0
2021/11/27 13:20:14 ZEBRA: 
0x00007f2e240010b0: 00 18 fe 06 00 00 00 00 ........
0x00007f2e240010b8: 00 08 06 00 00 00       ......  

2021/11/27 13:20:14 ZEBRA: Rx'd ZAPI message
2021/11/27 13:20:14 ZEBRA:  Length: 24
2021/11/27 13:20:14 ZEBRA: Command: ZEBRA_ROUTE_DELETE
2021/11/27 13:20:14 ZEBRA:     VRF: 0
2021/11/27 13:20:14 ZEBRA: 
0x00007f2e240010f0: 00 18 fe 06 00 00 00 00 ........
0x00007f2e240010f8: 00 08 06 00 00 00       ......  

2021/11/27 13:20:14 ZEBRA: Not Notifying Owner: 2 about prefix 10.10.12.0/24(254) 3 vrf: 0
2021/11/27 13:20:14 ZEBRA: Not Notifying Owner: 2 about prefix 10.10.11.0/24(254) 2 vrf: 0
2021/11/27 13:20:14 ZEBRA: Not Notifying Owner: 2 about prefix 10.10.14.0/24(254) 2 vrf: 0
2021/11/27 13:20:14 ZEBRA: Not Notifying Owner: 2 about prefix 2001:1:0:11::/64(254) 2 vrf: 0
2021/11/27 13:20:14 ZEBRA: Not Notifying Owner: 2 about prefix 2001:1:0:12::/64(254) 3 vrf: 0
2021/11/27 13:20:14 ZEBRA: Not Notifying Owner: 2 about prefix 2001:1:0:14::/64(254) 2 vrf: 0
2021/11/27 13:20:14 ZEBRA: Not Notifying Owner: 2 about prefix fe80::/64(254) 2 vrf: 0
2021/11/27 13:20:14 ZEBRA: Not Notifying Owner: 6 about prefix 10.10.23.0/24(254) 3 vrf: 0
2021/11/27 13:20:14 ZEBRA: Not Notifying Owner: 6 about prefix 10.10.24.0/24(254) 3 vrf: 0
2021/11/27 13:20:14 ZEBRA: Not Notifying Owner: 6 about prefix 10.10.25.0/24(254) 3 vrf: 0
2021/11/27 13:20:14 ZEBRA: Not Notifying Owner: 6 about prefix 10.10.35.0/24(254) 3 vrf: 0
2021/11/27 13:20:14 ZEBRA: Not Notifying Owner: 6 about prefix 10.10.45.0/24(254) 3 vrf: 0
2021/11/27 16:37:50 ZEBRA: zebra message[ZEBRA_ROUTE_DELETE:0:24] comes from socket [22]
2021/11/27 16:37:50 ZEBRA: Read 1 packets from client: ospf
2021/11/27 16:37:50 ZEBRA: Rx'd ZAPI message
2021/11/27 16:37:50 ZEBRA:  Length: 24
2021/11/27 16:37:50 ZEBRA: Command: ZEBRA_ROUTE_DELETE
2021/11/27 16:37:50 ZEBRA:     VRF: 0
2021/11/27 16:37:50 ZEBRA: 
0x00007f2e24000fb0: 00 18 fe 06 00 00 00 00 ........
0x00007f2e24000fb8: 00 08 06 00 00 00       ......  

2021/11/27 16:37:50 ZEBRA: Not Notifying Owner: 2 about prefix 2001:1:0:11::/64(254) 1 vrf: 0
2021/11/27 16:37:50 ZEBRA: Not Notifying Owner: 2 about prefix 10.10.11.0/24(254) 3 vrf: 0
2021/11/27 16:37:50 ZEBRA: Not Notifying Owner: 2 about prefix 10.10.14.0/24(254) 2 vrf: 0
2021/11/27 16:37:50 ZEBRA: [EC 4043309093] netlink-dp (NS 0) error: No such device, type=RTM_NEWROUTE(24), seq=64, pid=3896814573
2021/11/27 16:37:50 ZEBRA: Not Notifying Owner: 7 about prefix 2001:1:0:11::/64(254) 0 vrf: 0
2021/11/27 16:37:50 ZEBRA: 0:2001:1:0:11::/64: Route install failed
2021/11/27 16:37:50 ZEBRA: Not Notifying Owner: 2 about prefix 2001:1:0:14::/64(254) 2 vrf: 0
2021/11/27 16:37:50 ZEBRA: Not Notifying Owner: 2 about prefix fe80::/64(254) 2 vrf: 0
2021/11/27 16:37:51 ZEBRA: Not Notifying Owner: 2 about prefix 10.10.14.0/24(254) 2 vrf: 0
2021/11/27 16:37:51 ZEBRA: Not Notifying Owner: 2 about prefix 2001:1:0:14::/64(254) 2 vrf: 0
2021/11/27 16:37:51 ZEBRA: Not Notifying Owner: 2 about prefix fe80::/64(254) 2 vrf: 0
2021/11/27 16:37:51 ZEBRA: zebra message[ZEBRA_ROUTE_DELETE:0:24] comes from socket [22]
2021/11/27 16:37:51 ZEBRA: Read 1 packets from client: ospf
2021/11/27 16:37:51 ZEBRA: Rx'd ZAPI message
2021/11/27 16:37:51 ZEBRA:  Length: 24
2021/11/27 16:37:51 ZEBRA: Command: ZEBRA_ROUTE_DELETE
2021/11/27 16:37:51 ZEBRA:     VRF: 0
2021/11/27 16:37:51 ZEBRA: 
0x00007f2e24000fb0: 00 18 fe 06 00 00 00 00 ........
0x00007f2e24000fb8: 00 08 06 00 00 00       ......  

2021/11/27 16:37:51 ZEBRA: Not Notifying Owner: 2 about prefix 10.10.14.0/24(254) 3 vrf: 0
2021/11/27 16:37:51 ZEBRA: Not Notifying Owner: 2 about prefix 2001:1:0:14::/64(254) 3 vrf: 0
2021/11/27 16:37:51 ZEBRA: Not Notifying Owner: 2 about prefix fe80::/64(254) 3 vrf: 0
2021/11/27 16:38:50 ZEBRA: zebra message[ZEBRA_ROUTE_DELETE:0:46] comes from socket [27]
2021/11/27 16:38:50 ZEBRA: Read 1 packets from client: ospf6
2021/11/27 16:38:50 ZEBRA: Rx'd ZAPI message
2021/11/27 16:38:50 ZEBRA:  Length: 46
2021/11/27 16:38:50 ZEBRA: Command: ZEBRA_ROUTE_DELETE
2021/11/27 16:38:50 ZEBRA:     VRF: 0
2021/11/27 16:38:50 ZEBRA: 
0x00007f2e28000ef0: 00 2e fe 06 00 00 00 00 ........
0x00007f2e28000ef8: 00 08 07 00 00 00 00 00 ........
0x00007f2e28000f00: 00 07 01 0a 40 20 01 00 ....@ ..
0x00007f2e28000f08: 01 00 00 00 11 00 01 00 ........
0x00007f2e28000f10: 00 00 00 01             ....    

2021/11/27 16:38:50 ZEBRA: Not Notifying Owner: 7 about prefix 2001:1:0:11::/64(254) 3 vrf: 0
